<?xml version="1.0" encoding="UTF-8"?>
<!-- Generated by org.testng.reporters.JUnitXMLReporter -->
<testsuite ignored="0" hostname="QB-KRT-10694" failures="0" tests="6" name="Test" time="14.578" errors="0" timestamp="2023-05-08T10:40:47 IST">
  <testcase classname="testng.firstpgm" name="openapp" time="0.003"/>
  <testcase classname="testng.firstpgm" name="login" time="0.0"/>
  <testcase classname="testng.firstpgm" name="logout" time="0.001"/>
  <testcase classname="testng.second" name="openApp" time="12.381"/>
  <testcase classname="testng.second" name="login" time="2.06"/>
  <testcase classname="testng.second" name="closeApp" time="0.111"/>
</testsuite> <!-- Test -->
