<?xml version="1.0" encoding="UTF-8"?>
<!-- Generated by org.testng.reporters.JUnitXMLReporter -->
<testsuite ignored="0" hostname="QB-KRT-10694" failures="0" tests="6" name="mavenfirstxml" time="9.084" errors="0" timestamp="2023-05-08T14:54:53 IST">
  <testcase classname="testng.firstpgm" name="openapp" time="0.003"/>
  <testcase classname="testng.firstpgm" name="login" time="0.0"/>
  <testcase classname="testng.firstpgm" name="logout" time="0.001"/>
  <testcase classname="testng.second" name="openApp" time="6.614"/>
  <testcase classname="testng.second" name="login" time="2.333"/>
  <testcase classname="testng.second" name="closeApp" time="0.105"/>
</testsuite> <!-- mavenfirstxml -->
