<?xml version="1.0" encoding="UTF-8"?>
<!-- Generated by org.testng.reporters.JUnitXMLReporter -->
<testsuite ignored="0" hostname="QB-KRT-10694" failures="0" tests="6" name="mavenfirstxml" time="13.674" errors="0" timestamp="2023-05-10T14:19:04 IST">
  <testcase classname="testng.firstpgm" name="openapp" time="0.002"/>
  <testcase classname="testng.firstpgm" name="login" time="0.0"/>
  <testcase classname="testng.firstpgm" name="logout" time="0.0"/>
  <testcase classname="testng.second" name="openApp" time="10.972"/>
  <testcase classname="testng.second" name="login" time="2.574"/>
  <testcase classname="testng.second" name="closeApp" time="0.104"/>
</testsuite> <!-- mavenfirstxml -->
