<?xml version="1.0" encoding="UTF-8"?>
<testng-results ignored="0" total="6" passed="6" failed="0" skipped="0">
  <reporter-output>
  </reporter-output>
  <suite started-at="2023-05-08T10:54:19 IST" name="Suite" finished-at="2023-05-08T10:54:27 IST" duration-ms="8019">
    <groups>
    </groups>
    <test started-at="2023-05-08T10:54:19 IST" name="mavenfirstxml" finished-at="2023-05-08T10:54:27 IST" duration-ms="8019">
      <class name="testng.second">
        <test-method signature="openApp()[pri:10, instance:testng.second@fba92d3]" started-at="2023-05-08T10:54:19 IST" name="openApp" finished-at="2023-05-08T10:54:25 IST" duration-ms="5916" status="PASS">
          <reporter-output>
          </reporter-output>
        </test-method> <!-- openApp -->
        <test-method signature="login()[pri:50, instance:testng.second@fba92d3]" started-at="2023-05-08T10:54:25 IST" name="login" finished-at="2023-05-08T10:54:27 IST" duration-ms="1970" status="PASS">
          <reporter-output>
          </reporter-output>
        </test-method> <!-- login -->
        <test-method signature="closeApp()[pri:100, instance:testng.second@fba92d3]" started-at="2023-05-08T10:54:27 IST" name="closeApp" finished-at="2023-05-08T10:54:27 IST" duration-ms="105" status="PASS">
          <reporter-output>
          </reporter-output>
        </test-method> <!-- closeApp -->
      </class> <!-- testng.second -->
      <class name="testng.firstpgm">
        <test-method signature="openapp()[pri:1, instance:testng.firstpgm@7ea9e1e2]" started-at="2023-05-08T10:54:19 IST" name="openapp" finished-at="2023-05-08T10:54:19 IST" duration-ms="3" status="PASS">
          <reporter-output>
          </reporter-output>
        </test-method> <!-- openapp -->
        <test-method signature="login()[pri:2, instance:testng.firstpgm@7ea9e1e2]" started-at="2023-05-08T10:54:19 IST" name="login" finished-at="2023-05-08T10:54:19 IST" duration-ms="0" status="PASS">
          <reporter-output>
          </reporter-output>
        </test-method> <!-- login -->
        <test-method signature="logout()[pri:3, instance:testng.firstpgm@7ea9e1e2]" started-at="2023-05-08T10:54:19 IST" name="logout" finished-at="2023-05-08T10:54:19 IST" duration-ms="1" status="PASS">
          <reporter-output>
          </reporter-output>
        </test-method> <!-- logout -->
      </class> <!-- testng.firstpgm -->
    </test> <!-- mavenfirstxml -->
  </suite> <!-- Suite -->
</testng-results>
