<?xml version="1.0" encoding="UTF-8"?>
<testng-results ignored="0" total="3" passed="3" failed="0" skipped="0">
  <reporter-output>
  </reporter-output>
  <suite started-at="2023-05-10T14:17:52 IST" name="Default suite" finished-at="2023-05-10T14:18:00 IST" duration-ms="8305">
    <groups>
    </groups>
    <test started-at="2023-05-10T14:17:52 IST" name="Default test" finished-at="2023-05-10T14:18:00 IST" duration-ms="8305">
      <class name="testng.second">
        <test-method signature="openApp()[pri:1, instance:testng.second@3059cbc]" started-at="2023-05-10T14:17:52 IST" name="openApp" finished-at="2023-05-10T14:17:58 IST" duration-ms="6382" status="PASS">
          <reporter-output>
          </reporter-output>
        </test-method> <!-- openApp -->
        <test-method signature="login()[pri:2, instance:testng.second@3059cbc]" started-at="2023-05-10T14:17:58 IST" name="login" finished-at="2023-05-10T14:18:00 IST" duration-ms="1794" status="PASS">
          <reporter-output>
          </reporter-output>
        </test-method> <!-- login -->
        <test-method signature="closeApp()[pri:100, instance:testng.second@3059cbc]" started-at="2023-05-10T14:18:00 IST" name="closeApp" finished-at="2023-05-10T14:18:00 IST" duration-ms="107" status="PASS">
          <reporter-output>
          </reporter-output>
        </test-method> <!-- closeApp -->
      </class> <!-- testng.second -->
    </test> <!-- Default test -->
  </suite> <!-- Default suite -->
</testng-results>
